<?xml version="1.0" encoding="UTF-8"?>
<testsuite xmlns:xsi="http://www.w3.org/2001/XMLSchema-instance" xsi:noNamespaceSchemaLocation="https://maven.apache.org/surefire/maven-surefire-plugin/xsd/surefire-test-report.xsd" name="com.iot.MqttApplicationTests" time="12.729" tests="2" errors="0" skipped="0" failures="0">
  <properties>
    <property name="sun.desktop" value="windows"/>
    <property name="awt.toolkit" value="sun.awt.windows.WToolkit"/>
    <property name="file.encoding.pkg" value="sun.io"/>
    <property name="java.specification.version" value="1.8"/>
    <property name="sun.cpu.isalist" value="amd64"/>
    <property name="sun.jnu.encoding" value="GBK"/>
    <property name="java.class.path" value="C:\Users\black\Desktop\JAVA学习\笔记+文件\GitCode\MqttApplication\target\test-classes;C:\Users\black\Desktop\JAVA学习\笔记+文件\GitCode\MqttApplication\target\classes;C:\JAVA\apache-maven-3.6.2\maven-repo\org\springframework\boot\spring-boot-starter-web\2.6.1\spring-boot-starter-web-2.6.1.jar;C:\JAVA\apache-maven-3.6.2\maven-repo\org\springframework\boot\spring-boot-starter\2.6.1\spring-boot-starter-2.6.1.jar;C:\JAVA\apache-maven-3.6.2\maven-repo\org\springframework\boot\spring-boot-starter-logging\2.6.1\spring-boot-starter-logging-2.6.1.jar;C:\JAVA\apache-maven-3.6.2\maven-repo\ch\qos\logback\logback-classic\1.2.7\logback-classic-1.2.7.jar;C:\JAVA\apache-maven-3.6.2\maven-repo\ch\qos\logback\logback-core\1.2.7\logback-core-1.2.7.jar;C:\JAVA\apache-maven-3.6.2\maven-repo\org\apache\logging\log4j\log4j-to-slf4j\2.14.1\log4j-to-slf4j-2.14.1.jar;C:\JAVA\apache-maven-3.6.2\maven-repo\org\apache\logging\log4j\log4j-api\2.14.1\log4j-api-2.14.1.jar;C:\JAVA\apache-maven-3.6.2\maven-repo\org\slf4j\jul-to-slf4j\1.7.32\jul-to-slf4j-1.7.32.jar;C:\JAVA\apache-maven-3.6.2\maven-repo\jakarta\annotation\jakarta.annotation-api\1.3.5\jakarta.annotation-api-1.3.5.jar;C:\JAVA\apache-maven-3.6.2\maven-repo\org\yaml\snakeyaml\1.29\snakeyaml-1.29.jar;C:\JAVA\apache-maven-3.6.2\maven-repo\org\springframework\boot\spring-boot-starter-json\2.6.1\spring-boot-starter-json-2.6.1.jar;C:\JAVA\apache-maven-3.6.2\maven-repo\com\fasterxml\jackson\core\jackson-databind\2.13.0\jackson-databind-2.13.0.jar;C:\JAVA\apache-maven-3.6.2\maven-repo\com\fasterxml\jackson\core\jackson-annotations\2.13.0\jackson-annotations-2.13.0.jar;C:\JAVA\apache-maven-3.6.2\maven-repo\com\fasterxml\jackson\core\jackson-core\2.13.0\jackson-core-2.13.0.jar;C:\JAVA\apache-maven-3.6.2\maven-repo\com\fasterxml\jackson\datatype\jackson-datatype-jdk8\2.13.0\jackson-datatype-jdk8-2.13.0.jar;C:\JAVA\apache-maven-3.6.2\maven-repo\com\fasterxml\jackson\datatype\jackson-datatype-jsr310\2.13.0\jackson-datatype-jsr310-2.13.0.jar;C:\JAVA\apache-maven-3.6.2\maven-repo\com\fasterxml\jackson\module\jackson-module-parameter-names\2.13.0\jackson-module-parameter-names-2.13.0.jar;C:\JAVA\apache-maven-3.6.2\maven-repo\org\springframework\boot\spring-boot-starter-tomcat\2.6.1\spring-boot-starter-tomcat-2.6.1.jar;C:\JAVA\apache-maven-3.6.2\maven-repo\org\apache\tomcat\embed\tomcat-embed-core\9.0.55\tomcat-embed-core-9.0.55.jar;C:\JAVA\apache-maven-3.6.2\maven-repo\org\apache\tomcat\embed\tomcat-embed-el\9.0.55\tomcat-embed-el-9.0.55.jar;C:\JAVA\apache-maven-3.6.2\maven-repo\org\apache\tomcat\embed\tomcat-embed-websocket\9.0.55\tomcat-embed-websocket-9.0.55.jar;C:\JAVA\apache-maven-3.6.2\maven-repo\org\springframework\spring-web\5.3.13\spring-web-5.3.13.jar;C:\JAVA\apache-maven-3.6.2\maven-repo\org\springframework\spring-beans\5.3.13\spring-beans-5.3.13.jar;C:\JAVA\apache-maven-3.6.2\maven-repo\org\springframework\spring-webmvc\5.3.13\spring-webmvc-5.3.13.jar;C:\JAVA\apache-maven-3.6.2\maven-repo\org\springframework\spring-aop\5.3.13\spring-aop-5.3.13.jar;C:\JAVA\apache-maven-3.6.2\maven-repo\org\springframework\spring-context\5.3.13\spring-context-5.3.13.jar;C:\JAVA\apache-maven-3.6.2\maven-repo\org\springframework\spring-expression\5.3.13\spring-expression-5.3.13.jar;C:\JAVA\apache-maven-3.6.2\maven-repo\org\springframework\boot\spring-boot-starter-test\2.6.1\spring-boot-starter-test-2.6.1.jar;C:\JAVA\apache-maven-3.6.2\maven-repo\org\springframework\boot\spring-boot-test\2.6.1\spring-boot-test-2.6.1.jar;C:\JAVA\apache-maven-3.6.2\maven-repo\org\springframework\boot\spring-boot-test-autoconfigure\2.6.1\spring-boot-test-autoconfigure-2.6.1.jar;C:\JAVA\apache-maven-3.6.2\maven-repo\com\jayway\jsonpath\json-path\2.6.0\json-path-2.6.0.jar;C:\JAVA\apache-maven-3.6.2\maven-repo\net\minidev\json-smart\2.4.7\json-smart-2.4.7.jar;C:\JAVA\apache-maven-3.6.2\maven-repo\net\minidev\accessors-smart\2.4.7\accessors-smart-2.4.7.jar;C:\JAVA\apache-maven-3.6.2\maven-repo\org\ow2\asm\asm\9.1\asm-9.1.jar;C:\JAVA\apache-maven-3.6.2\maven-repo\org\slf4j\slf4j-api\1.7.32\slf4j-api-1.7.32.jar;C:\JAVA\apache-maven-3.6.2\maven-repo\jakarta\xml\bind\jakarta.xml.bind-api\2.3.3\jakarta.xml.bind-api-2.3.3.jar;C:\JAVA\apache-maven-3.6.2\maven-repo\jakarta\activation\jakarta.activation-api\1.2.2\jakarta.activation-api-1.2.2.jar;C:\JAVA\apache-maven-3.6.2\maven-repo\org\assertj\assertj-core\3.21.0\assertj-core-3.21.0.jar;C:\JAVA\apache-maven-3.6.2\maven-repo\org\hamcrest\hamcrest\2.2\hamcrest-2.2.jar;C:\JAVA\apache-maven-3.6.2\maven-repo\org\junit\jupiter\junit-jupiter\5.8.1\junit-jupiter-5.8.1.jar;C:\JAVA\apache-maven-3.6.2\maven-repo\org\junit\jupiter\junit-jupiter-api\5.8.1\junit-jupiter-api-5.8.1.jar;C:\JAVA\apache-maven-3.6.2\maven-repo\org\opentest4j\opentest4j\1.2.0\opentest4j-1.2.0.jar;C:\JAVA\apache-maven-3.6.2\maven-repo\org\junit\platform\junit-platform-commons\1.8.1\junit-platform-commons-1.8.1.jar;C:\JAVA\apache-maven-3.6.2\maven-repo\org\apiguardian\apiguardian-api\1.1.2\apiguardian-api-1.1.2.jar;C:\JAVA\apache-maven-3.6.2\maven-repo\org\junit\jupiter\junit-jupiter-params\5.8.1\junit-jupiter-params-5.8.1.jar;C:\JAVA\apache-maven-3.6.2\maven-repo\org\junit\jupiter\junit-jupiter-engine\5.8.1\junit-jupiter-engine-5.8.1.jar;C:\JAVA\apache-maven-3.6.2\maven-repo\org\junit\platform\junit-platform-engine\1.8.1\junit-platform-engine-1.8.1.jar;C:\JAVA\apache-maven-3.6.2\maven-repo\org\mockito\mockito-core\4.0.0\mockito-core-4.0.0.jar;C:\JAVA\apache-maven-3.6.2\maven-repo\net\bytebuddy\byte-buddy\1.11.22\byte-buddy-1.11.22.jar;C:\JAVA\apache-maven-3.6.2\maven-repo\net\bytebuddy\byte-buddy-agent\1.11.22\byte-buddy-agent-1.11.22.jar;C:\JAVA\apache-maven-3.6.2\maven-repo\org\objenesis\objenesis\3.2\objenesis-3.2.jar;C:\JAVA\apache-maven-3.6.2\maven-repo\org\mockito\mockito-junit-jupiter\4.0.0\mockito-junit-jupiter-4.0.0.jar;C:\JAVA\apache-maven-3.6.2\maven-repo\org\skyscreamer\jsonassert\1.5.0\jsonassert-1.5.0.jar;C:\JAVA\apache-maven-3.6.2\maven-repo\com\vaadin\external\google\android-json\0.0.20131108.vaadin1\android-json-0.0.20131108.vaadin1.jar;C:\JAVA\apache-maven-3.6.2\maven-repo\org\springframework\spring-core\5.3.13\spring-core-5.3.13.jar;C:\JAVA\apache-maven-3.6.2\maven-repo\org\springframework\spring-jcl\5.3.13\spring-jcl-5.3.13.jar;C:\JAVA\apache-maven-3.6.2\maven-repo\org\springframework\spring-test\5.3.13\spring-test-5.3.13.jar;C:\JAVA\apache-maven-3.6.2\maven-repo\org\xmlunit\xmlunit-core\2.8.3\xmlunit-core-2.8.3.jar;C:\JAVA\apache-maven-3.6.2\maven-repo\org\projectlombok\lombok\1.18.22\lombok-1.18.22.jar;C:\JAVA\apache-maven-3.6.2\maven-repo\org\eclipse\paho\org.eclipse.paho.client.mqttv3\1.2.2\org.eclipse.paho.client.mqttv3-1.2.2.jar;C:\JAVA\apache-maven-3.6.2\maven-repo\mysql\mysql-connector-java\8.0.27\mysql-connector-java-8.0.27.jar;C:\JAVA\apache-maven-3.6.2\maven-repo\org\mybatis\spring\boot\mybatis-spring-boot-starter\2.2.0\mybatis-spring-boot-starter-2.2.0.jar;C:\JAVA\apache-maven-3.6.2\maven-repo\org\springframework\boot\spring-boot-starter-jdbc\2.6.1\spring-boot-starter-jdbc-2.6.1.jar;C:\JAVA\apache-maven-3.6.2\maven-repo\com\zaxxer\HikariCP\4.0.3\HikariCP-4.0.3.jar;C:\JAVA\apache-maven-3.6.2\maven-repo\org\springframework\spring-jdbc\5.3.13\spring-jdbc-5.3.13.jar;C:\JAVA\apache-maven-3.6.2\maven-repo\org\mybatis\spring\boot\mybatis-spring-boot-autoconfigure\2.2.0\mybatis-spring-boot-autoconfigure-2.2.0.jar;C:\JAVA\apache-maven-3.6.2\maven-repo\org\mybatis\mybatis\3.5.7\mybatis-3.5.7.jar;C:\JAVA\apache-maven-3.6.2\maven-repo\org\mybatis\mybatis-spring\2.0.6\mybatis-spring-2.0.6.jar;C:\JAVA\apache-maven-3.6.2\maven-repo\org\springframework\boot\spring-boot-devtools\2.6.1\spring-boot-devtools-2.6.1.jar;C:\JAVA\apache-maven-3.6.2\maven-repo\org\springframework\boot\spring-boot\2.6.1\spring-boot-2.6.1.jar;C:\JAVA\apache-maven-3.6.2\maven-repo\org\springframework\boot\spring-boot-autoconfigure\2.6.1\spring-boot-autoconfigure-2.6.1.jar;C:\JAVA\apache-maven-3.6.2\maven-repo\org\springframework\boot\spring-boot-starter-thymeleaf\2.6.1\spring-boot-starter-thymeleaf-2.6.1.jar;C:\JAVA\apache-maven-3.6.2\maven-repo\org\thymeleaf\thymeleaf-spring5\3.0.12.RELEASE\thymeleaf-spring5-3.0.12.RELEASE.jar;C:\JAVA\apache-maven-3.6.2\maven-repo\org\thymeleaf\thymeleaf\3.0.12.RELEASE\thymeleaf-3.0.12.RELEASE.jar;C:\JAVA\apache-maven-3.6.2\maven-repo\org\attoparser\attoparser\2.0.5.RELEASE\attoparser-2.0.5.RELEASE.jar;C:\JAVA\apache-maven-3.6.2\maven-repo\org\unbescape\unbescape\1.1.6.RELEASE\unbescape-1.1.6.RELEASE.jar;C:\JAVA\apache-maven-3.6.2\maven-repo\org\thymeleaf\extras\thymeleaf-extras-java8time\3.0.4.RELEASE\thymeleaf-extras-java8time-3.0.4.RELEASE.jar;C:\JAVA\apache-maven-3.6.2\maven-repo\org\springframework\boot\spring-boot-starter-integration\2.6.1\spring-boot-starter-integration-2.6.1.jar;C:\JAVA\apache-maven-3.6.2\maven-repo\org\springframework\boot\spring-boot-starter-aop\2.6.1\spring-boot-starter-aop-2.6.1.jar;C:\JAVA\apache-maven-3.6.2\maven-repo\org\aspectj\aspectjweaver\1.9.7\aspectjweaver-1.9.7.jar;C:\JAVA\apache-maven-3.6.2\maven-repo\org\springframework\integration\spring-integration-core\5.5.6\spring-integration-core-5.5.6.jar;C:\JAVA\apache-maven-3.6.2\maven-repo\org\springframework\spring-messaging\5.3.13\spring-messaging-5.3.13.jar;C:\JAVA\apache-maven-3.6.2\maven-repo\org\springframework\spring-tx\5.3.13\spring-tx-5.3.13.jar;C:\JAVA\apache-maven-3.6.2\maven-repo\org\springframework\retry\spring-retry\1.3.1\spring-retry-1.3.1.jar;C:\JAVA\apache-maven-3.6.2\maven-repo\io\projectreactor\reactor-core\3.4.12\reactor-core-3.4.12.jar;C:\JAVA\apache-maven-3.6.2\maven-repo\org\reactivestreams\reactive-streams\1.0.3\reactive-streams-1.0.3.jar;C:\JAVA\apache-maven-3.6.2\maven-repo\org\springframework\integration\spring-integration-stream\5.5.6\spring-integration-stream-5.5.6.jar;C:\JAVA\apache-maven-3.6.2\maven-repo\org\springframework\integration\spring-integration-mqtt\5.5.6\spring-integration-mqtt-5.5.6.jar;"/>
    <property name="java.vm.vendor" value="Oracle Corporation"/>
    <property name="sun.arch.data.model" value="64"/>
    <property name="user.variant" value=""/>
    <property name="java.vendor.url" value="http://java.oracle.com/"/>
    <property name="user.timezone" value="Asia/Shanghai"/>
    <property name="java.vm.specification.version" value="1.8"/>
    <property name="os.name" value="Windows 10"/>
    <property name="user.country" value="CN"/>
    <property name="sun.java.launcher" value="SUN_STANDARD"/>
    <property name="sun.boot.library.path" value="C:\JAVA\jdk1.8\jre\bin"/>
    <property name="sun.java.command" value="C:\Users\black\AppData\Local\Temp\surefire1077762838956696578\surefirebooter8005005221016251206.jar C:\Users\black\AppData\Local\Temp\surefire1077762838956696578 2021-12-30T11-41-38_685-jvmRun1 surefire576126065556273776tmp surefire_08380425451282976082tmp"/>
    <property name="surefire.test.class.path" value="C:\Users\black\Desktop\JAVA学习\笔记+文件\GitCode\MqttApplication\target\test-classes;C:\Users\black\Desktop\JAVA学习\笔记+文件\GitCode\MqttApplication\target\classes;C:\JAVA\apache-maven-3.6.2\maven-repo\org\springframework\boot\spring-boot-starter-web\2.6.1\spring-boot-starter-web-2.6.1.jar;C:\JAVA\apache-maven-3.6.2\maven-repo\org\springframework\boot\spring-boot-starter\2.6.1\spring-boot-starter-2.6.1.jar;C:\JAVA\apache-maven-3.6.2\maven-repo\org\springframework\boot\spring-boot-starter-logging\2.6.1\spring-boot-starter-logging-2.6.1.jar;C:\JAVA\apache-maven-3.6.2\maven-repo\ch\qos\logback\logback-classic\1.2.7\logback-classic-1.2.7.jar;C:\JAVA\apache-maven-3.6.2\maven-repo\ch\qos\logback\logback-core\1.2.7\logback-core-1.2.7.jar;C:\JAVA\apache-maven-3.6.2\maven-repo\org\apache\logging\log4j\log4j-to-slf4j\2.14.1\log4j-to-slf4j-2.14.1.jar;C:\JAVA\apache-maven-3.6.2\maven-repo\org\apache\logging\log4j\log4j-api\2.14.1\log4j-api-2.14.1.jar;C:\JAVA\apache-maven-3.6.2\maven-repo\org\slf4j\jul-to-slf4j\1.7.32\jul-to-slf4j-1.7.32.jar;C:\JAVA\apache-maven-3.6.2\maven-repo\jakarta\annotation\jakarta.annotation-api\1.3.5\jakarta.annotation-api-1.3.5.jar;C:\JAVA\apache-maven-3.6.2\maven-repo\org\yaml\snakeyaml\1.29\snakeyaml-1.29.jar;C:\JAVA\apache-maven-3.6.2\maven-repo\org\springframework\boot\spring-boot-starter-json\2.6.1\spring-boot-starter-json-2.6.1.jar;C:\JAVA\apache-maven-3.6.2\maven-repo\com\fasterxml\jackson\core\jackson-databind\2.13.0\jackson-databind-2.13.0.jar;C:\JAVA\apache-maven-3.6.2\maven-repo\com\fasterxml\jackson\core\jackson-annotations\2.13.0\jackson-annotations-2.13.0.jar;C:\JAVA\apache-maven-3.6.2\maven-repo\com\fasterxml\jackson\core\jackson-core\2.13.0\jackson-core-2.13.0.jar;C:\JAVA\apache-maven-3.6.2\maven-repo\com\fasterxml\jackson\datatype\jackson-datatype-jdk8\2.13.0\jackson-datatype-jdk8-2.13.0.jar;C:\JAVA\apache-maven-3.6.2\maven-repo\com\fasterxml\jackson\datatype\jackson-datatype-jsr310\2.13.0\jackson-datatype-jsr310-2.13.0.jar;C:\JAVA\apache-maven-3.6.2\maven-repo\com\fasterxml\jackson\module\jackson-module-parameter-names\2.13.0\jackson-module-parameter-names-2.13.0.jar;C:\JAVA\apache-maven-3.6.2\maven-repo\org\springframework\boot\spring-boot-starter-tomcat\2.6.1\spring-boot-starter-tomcat-2.6.1.jar;C:\JAVA\apache-maven-3.6.2\maven-repo\org\apache\tomcat\embed\tomcat-embed-core\9.0.55\tomcat-embed-core-9.0.55.jar;C:\JAVA\apache-maven-3.6.2\maven-repo\org\apache\tomcat\embed\tomcat-embed-el\9.0.55\tomcat-embed-el-9.0.55.jar;C:\JAVA\apache-maven-3.6.2\maven-repo\org\apache\tomcat\embed\tomcat-embed-websocket\9.0.55\tomcat-embed-websocket-9.0.55.jar;C:\JAVA\apache-maven-3.6.2\maven-repo\org\springframework\spring-web\5.3.13\spring-web-5.3.13.jar;C:\JAVA\apache-maven-3.6.2\maven-repo\org\springframework\spring-beans\5.3.13\spring-beans-5.3.13.jar;C:\JAVA\apache-maven-3.6.2\maven-repo\org\springframework\spring-webmvc\5.3.13\spring-webmvc-5.3.13.jar;C:\JAVA\apache-maven-3.6.2\maven-repo\org\springframework\spring-aop\5.3.13\spring-aop-5.3.13.jar;C:\JAVA\apache-maven-3.6.2\maven-repo\org\springframework\spring-context\5.3.13\spring-context-5.3.13.jar;C:\JAVA\apache-maven-3.6.2\maven-repo\org\springframework\spring-expression\5.3.13\spring-expression-5.3.13.jar;C:\JAVA\apache-maven-3.6.2\maven-repo\org\springframework\boot\spring-boot-starter-test\2.6.1\spring-boot-starter-test-2.6.1.jar;C:\JAVA\apache-maven-3.6.2\maven-repo\org\springframework\boot\spring-boot-test\2.6.1\spring-boot-test-2.6.1.jar;C:\JAVA\apache-maven-3.6.2\maven-repo\org\springframework\boot\spring-boot-test-autoconfigure\2.6.1\spring-boot-test-autoconfigure-2.6.1.jar;C:\JAVA\apache-maven-3.6.2\maven-repo\com\jayway\jsonpath\json-path\2.6.0\json-path-2.6.0.jar;C:\JAVA\apache-maven-3.6.2\maven-repo\net\minidev\json-smart\2.4.7\json-smart-2.4.7.jar;C:\JAVA\apache-maven-3.6.2\maven-repo\net\minidev\accessors-smart\2.4.7\accessors-smart-2.4.7.jar;C:\JAVA\apache-maven-3.6.2\maven-repo\org\ow2\asm\asm\9.1\asm-9.1.jar;C:\JAVA\apache-maven-3.6.2\maven-repo\org\slf4j\slf4j-api\1.7.32\slf4j-api-1.7.32.jar;C:\JAVA\apache-maven-3.6.2\maven-repo\jakarta\xml\bind\jakarta.xml.bind-api\2.3.3\jakarta.xml.bind-api-2.3.3.jar;C:\JAVA\apache-maven-3.6.2\maven-repo\jakarta\activation\jakarta.activation-api\1.2.2\jakarta.activation-api-1.2.2.jar;C:\JAVA\apache-maven-3.6.2\maven-repo\org\assertj\assertj-core\3.21.0\assertj-core-3.21.0.jar;C:\JAVA\apache-maven-3.6.2\maven-repo\org\hamcrest\hamcrest\2.2\hamcrest-2.2.jar;C:\JAVA\apache-maven-3.6.2\maven-repo\org\junit\jupiter\junit-jupiter\5.8.1\junit-jupiter-5.8.1.jar;C:\JAVA\apache-maven-3.6.2\maven-repo\org\junit\jupiter\junit-jupiter-api\5.8.1\junit-jupiter-api-5.8.1.jar;C:\JAVA\apache-maven-3.6.2\maven-repo\org\opentest4j\opentest4j\1.2.0\opentest4j-1.2.0.jar;C:\JAVA\apache-maven-3.6.2\maven-repo\org\junit\platform\junit-platform-commons\1.8.1\junit-platform-commons-1.8.1.jar;C:\JAVA\apache-maven-3.6.2\maven-repo\org\apiguardian\apiguardian-api\1.1.2\apiguardian-api-1.1.2.jar;C:\JAVA\apache-maven-3.6.2\maven-repo\org\junit\jupiter\junit-jupiter-params\5.8.1\junit-jupiter-params-5.8.1.jar;C:\JAVA\apache-maven-3.6.2\maven-repo\org\junit\jupiter\junit-jupiter-engine\5.8.1\junit-jupiter-engine-5.8.1.jar;C:\JAVA\apache-maven-3.6.2\maven-repo\org\junit\platform\junit-platform-engine\1.8.1\junit-platform-engine-1.8.1.jar;C:\JAVA\apache-maven-3.6.2\maven-repo\org\mockito\mockito-core\4.0.0\mockito-core-4.0.0.jar;C:\JAVA\apache-maven-3.6.2\maven-repo\net\bytebuddy\byte-buddy\1.11.22\byte-buddy-1.11.22.jar;C:\JAVA\apache-maven-3.6.2\maven-repo\net\bytebuddy\byte-buddy-agent\1.11.22\byte-buddy-agent-1.11.22.jar;C:\JAVA\apache-maven-3.6.2\maven-repo\org\objenesis\objenesis\3.2\objenesis-3.2.jar;C:\JAVA\apache-maven-3.6.2\maven-repo\org\mockito\mockito-junit-jupiter\4.0.0\mockito-junit-jupiter-4.0.0.jar;C:\JAVA\apache-maven-3.6.2\maven-repo\org\skyscreamer\jsonassert\1.5.0\jsonassert-1.5.0.jar;C:\JAVA\apache-maven-3.6.2\maven-repo\com\vaadin\external\google\android-json\0.0.20131108.vaadin1\android-json-0.0.20131108.vaadin1.jar;C:\JAVA\apache-maven-3.6.2\maven-repo\org\springframework\spring-core\5.3.13\spring-core-5.3.13.jar;C:\JAVA\apache-maven-3.6.2\maven-repo\org\springframework\spring-jcl\5.3.13\spring-jcl-5.3.13.jar;C:\JAVA\apache-maven-3.6.2\maven-repo\org\springframework\spring-test\5.3.13\spring-test-5.3.13.jar;C:\JAVA\apache-maven-3.6.2\maven-repo\org\xmlunit\xmlunit-core\2.8.3\xmlunit-core-2.8.3.jar;C:\JAVA\apache-maven-3.6.2\maven-repo\org\projectlombok\lombok\1.18.22\lombok-1.18.22.jar;C:\JAVA\apache-maven-3.6.2\maven-repo\org\eclipse\paho\org.eclipse.paho.client.mqttv3\1.2.2\org.eclipse.paho.client.mqttv3-1.2.2.jar;C:\JAVA\apache-maven-3.6.2\maven-repo\mysql\mysql-connector-java\8.0.27\mysql-connector-java-8.0.27.jar;C:\JAVA\apache-maven-3.6.2\maven-repo\org\mybatis\spring\boot\mybatis-spring-boot-starter\2.2.0\mybatis-spring-boot-starter-2.2.0.jar;C:\JAVA\apache-maven-3.6.2\maven-repo\org\springframework\boot\spring-boot-starter-jdbc\2.6.1\spring-boot-starter-jdbc-2.6.1.jar;C:\JAVA\apache-maven-3.6.2\maven-repo\com\zaxxer\HikariCP\4.0.3\HikariCP-4.0.3.jar;C:\JAVA\apache-maven-3.6.2\maven-repo\org\springframework\spring-jdbc\5.3.13\spring-jdbc-5.3.13.jar;C:\JAVA\apache-maven-3.6.2\maven-repo\org\mybatis\spring\boot\mybatis-spring-boot-autoconfigure\2.2.0\mybatis-spring-boot-autoconfigure-2.2.0.jar;C:\JAVA\apache-maven-3.6.2\maven-repo\org\mybatis\mybatis\3.5.7\mybatis-3.5.7.jar;C:\JAVA\apache-maven-3.6.2\maven-repo\org\mybatis\mybatis-spring\2.0.6\mybatis-spring-2.0.6.jar;C:\JAVA\apache-maven-3.6.2\maven-repo\org\springframework\boot\spring-boot-devtools\2.6.1\spring-boot-devtools-2.6.1.jar;C:\JAVA\apache-maven-3.6.2\maven-repo\org\springframework\boot\spring-boot\2.6.1\spring-boot-2.6.1.jar;C:\JAVA\apache-maven-3.6.2\maven-repo\org\springframework\boot\spring-boot-autoconfigure\2.6.1\spring-boot-autoconfigure-2.6.1.jar;C:\JAVA\apache-maven-3.6.2\maven-repo\org\springframework\boot\spring-boot-starter-thymeleaf\2.6.1\spring-boot-starter-thymeleaf-2.6.1.jar;C:\JAVA\apache-maven-3.6.2\maven-repo\org\thymeleaf\thymeleaf-spring5\3.0.12.RELEASE\thymeleaf-spring5-3.0.12.RELEASE.jar;C:\JAVA\apache-maven-3.6.2\maven-repo\org\thymeleaf\thymeleaf\3.0.12.RELEASE\thymeleaf-3.0.12.RELEASE.jar;C:\JAVA\apache-maven-3.6.2\maven-repo\org\attoparser\attoparser\2.0.5.RELEASE\attoparser-2.0.5.RELEASE.jar;C:\JAVA\apache-maven-3.6.2\maven-repo\org\unbescape\unbescape\1.1.6.RELEASE\unbescape-1.1.6.RELEASE.jar;C:\JAVA\apache-maven-3.6.2\maven-repo\org\thymeleaf\extras\thymeleaf-extras-java8time\3.0.4.RELEASE\thymeleaf-extras-java8time-3.0.4.RELEASE.jar;C:\JAVA\apache-maven-3.6.2\maven-repo\org\springframework\boot\spring-boot-starter-integration\2.6.1\spring-boot-starter-integration-2.6.1.jar;C:\JAVA\apache-maven-3.6.2\maven-repo\org\springframework\boot\spring-boot-starter-aop\2.6.1\spring-boot-starter-aop-2.6.1.jar;C:\JAVA\apache-maven-3.6.2\maven-repo\org\aspectj\aspectjweaver\1.9.7\aspectjweaver-1.9.7.jar;C:\JAVA\apache-maven-3.6.2\maven-repo\org\springframework\integration\spring-integration-core\5.5.6\spring-integration-core-5.5.6.jar;C:\JAVA\apache-maven-3.6.2\maven-repo\org\springframework\spring-messaging\5.3.13\spring-messaging-5.3.13.jar;C:\JAVA\apache-maven-3.6.2\maven-repo\org\springframework\spring-tx\5.3.13\spring-tx-5.3.13.jar;C:\JAVA\apache-maven-3.6.2\maven-repo\org\springframework\retry\spring-retry\1.3.1\spring-retry-1.3.1.jar;C:\JAVA\apache-maven-3.6.2\maven-repo\io\projectreactor\reactor-core\3.4.12\reactor-core-3.4.12.jar;C:\JAVA\apache-maven-3.6.2\maven-repo\org\reactivestreams\reactive-streams\1.0.3\reactive-streams-1.0.3.jar;C:\JAVA\apache-maven-3.6.2\maven-repo\org\springframework\integration\spring-integration-stream\5.5.6\spring-integration-stream-5.5.6.jar;C:\JAVA\apache-maven-3.6.2\maven-repo\org\springframework\integration\spring-integration-mqtt\5.5.6\spring-integration-mqtt-5.5.6.jar;"/>
    <property name="sun.cpu.endian" value="little"/>
    <property name="user.home" value="C:\Users\black"/>
    <property name="user.language" value="zh"/>
    <property name="java.specification.vendor" value="Oracle Corporation"/>
    <property name="java.home" value="C:\JAVA\jdk1.8\jre"/>
    <property name="basedir" value="C:\Users\black\Desktop\JAVA学习\笔记+文件\GitCode\MqttApplication"/>
    <property name="file.separator" value="\"/>
    <property name="line.separator" value="&#10;"/>
    <property name="java.vm.specification.vendor" value="Oracle Corporation"/>
    <property name="java.specification.name" value="Java Platform API Specification"/>
    <property name="java.awt.graphicsenv" value="sun.awt.Win32GraphicsEnvironment"/>
    <property name="surefire.real.class.path" value="C:\Users\black\AppData\Local\Temp\surefire1077762838956696578\surefirebooter8005005221016251206.jar"/>
    <property name="sun.boot.class.path" value="C:\JAVA\jdk1.8\jre\lib\resources.jar;C:\JAVA\jdk1.8\jre\lib\rt.jar;C:\JAVA\jdk1.8\jre\lib\sunrsasign.jar;C:\JAVA\jdk1.8\jre\lib\jsse.jar;C:\JAVA\jdk1.8\jre\lib\jce.jar;C:\JAVA\jdk1.8\jre\lib\charsets.jar;C:\JAVA\jdk1.8\jre\lib\jfr.jar;C:\JAVA\jdk1.8\jre\classes"/>
    <property name="user.script" value=""/>
    <property name="sun.management.compiler" value="HotSpot 64-Bit Tiered Compilers"/>
    <property name="java.runtime.version" value="1.8.0_291-b10"/>
    <property name="user.name" value="black"/>
    <property name="path.separator" value=";"/>
    <property name="os.version" value="10.0"/>
    <property name="java.endorsed.dirs" value="C:\JAVA\jdk1.8\jre\lib\endorsed"/>
    <property name="java.runtime.name" value="Java(TM) SE Runtime Environment"/>
    <property name="file.encoding" value="GBK"/>
    <property name="java.vm.name" value="Java HotSpot(TM) 64-Bit Server VM"/>
    <property name="localRepository" value="C:\JAVA\apache-maven-3.6.2\maven-repo"/>
    <property name="java.vendor.url.bug" value="http://bugreport.sun.com/bugreport/"/>
    <property name="java.io.tmpdir" value="C:\Users\black\AppData\Local\Temp\"/>
    <property name="idea.version" value="2021.1.1"/>
    <property name="java.version" value="1.8.0_291"/>
    <property name="user.dir" value="C:\Users\black\Desktop\JAVA学习\笔记+文件\GitCode\MqttApplication"/>
    <property name="os.arch" value="amd64"/>
    <property name="java.vm.specification.name" value="Java Virtual Machine Specification"/>
    <property name="java.awt.printerjob" value="sun.awt.windows.WPrinterJob"/>
    <property name="sun.os.patch.level" value=""/>
    <property name="java.library.path" value="C:\JAVA\jdk1.8\jre\bin;C:\WINDOWS\Sun\Java\bin;C:\WINDOWS\system32;C:\WINDOWS;C:\Program Files (x86)\Common Files\Oracle\Java\javapath;C:\Program Files (x86)\Intel\iCLS Client\;C:\Program Files\Intel\iCLS Client\;C:\Windows\system32;C:\Windows;C:\Windows\System32\Wbem;C:\Windows\System32\WindowsPowerShell\v1.0\;C:\Program Files\Intel\WiFi\bin\;C:\Program Files\Common Files\Intel\WirelessCommon\;C:\Program Files (x86)\NVIDIA Corporation\PhysX\Common;C:\Program Files (x86)\Intel\Intel(R) Management Engine Components\DAL;C:\Program Files\Intel\Intel(R) Management Engine Components\DAL;C:\Program Files (x86)\Intel\Intel(R) Management Engine Components\IPT;C:\Program Files\Intel\Intel(R) Management Engine Components\IPT;C:\WINDOWS\system32;C:\WINDOWS;C:\WINDOWS\System32\Wbem;C:\WINDOWS\System32\WindowsPowerShell\v1.0\;C:\WINDOWS\System32\OpenSSH\;C:\Program Files\Polyspace\R2019b\runtime\win64;C:\Program Files\Polyspace\R2019b\bin;C:\Program Files\Polyspace\R2019b\polyspace\bin;C:\JAVA\jdk1.8\bin;C:\JAVA\jdk1.8\jre\bin;C:\JAVA\mysql-5.7.19-winx64\bin;C:\JAVA\apache-tomcat-10.0.6-windows-x64\apache-tomcat-10.0.6\bin;C:\JAVA\apache-tomcat-10.0.6-windows-x64\apache-tomcat-10.0.6\lib;C:\JAVA\apache-maven-3.6.2\bin;C:\JAVA\Git\cmd;C:\JAVA\Git\bin;C:\Program Files (x86)\NetSarang\Xftp 7\;C:\JAVA\Nodejs\;C:\Users\black\AppData\Local\Microsoft\WindowsApps;C:\modeltech64_10.7\win64;C:\Users\black\AppData\Roaming\npm;."/>
    <property name="java.vm.info" value="mixed mode"/>
    <property name="java.vendor" value="Oracle Corporation"/>
    <property name="java.vm.version" value="25.291-b10"/>
    <property name="java.ext.dirs" value="C:\JAVA\jdk1.8\jre\lib\ext;C:\WINDOWS\Sun\Java\lib\ext"/>
    <property name="sun.io.unicode.encoding" value="UnicodeLittle"/>
    <property name="maven.repo.local" value="C:\JAVA\apache-maven-3.6.2\maven-repo"/>
    <property name="java.class.version" value="52.0"/>
  </properties>
  <testcase name="test1" classname="com.iot.MqttApplicationTests" time="0.861"/>
  <testcase name="contextLoads" classname="com.iot.MqttApplicationTests" time="0.776"/>
</testsuite>